<?xml version="1.0" encoding="UTF-8"?>
<!-- Generated by org.testng.reporters.JUnitReportReporter -->
<testsuite hostname="SandhuPC" failures="0" tests="1" name="Basic.HTTPRequest" time="0.759" errors="0" timestamp="30 Oct 2024 15:05:25 GMT" skipped="0">
  <testcase classname="Basic.HTTPRequest" name="getUser" time="0.759"/>
</testsuite> <!-- Basic.HTTPRequest -->
