<?xml version="1.0" encoding="UTF-8"?>
<!-- Generated by org.testng.reporters.JUnitReportReporter -->
<testsuite hostname="SandhuPC" failures="0" tests="1" name="Basic.JSONSchemaValidation" time="1.115" errors="0" timestamp="30 Oct 2024 15:16:07 GMT" skipped="0">
  <testcase classname="Basic.JSONSchemaValidation" name="jsonschemavalidation" time="1.115"/>
</testsuite> <!-- Basic.JSONSchemaValidation -->
