<?xml version="1.0" encoding="UTF-8"?>
<!-- Generated by org.testng.reporters.JUnitReportReporter -->
<testsuite hostname="SandhuPC" failures="0" tests="1" name="Basic.SerializationDeserilization" time="0.086" errors="0" timestamp="30 Oct 2024 15:55:25 GMT" skipped="0">
  <testcase classname="Basic.SerializationDeserilization" name="convertJava2json" time="0.086"/>
</testsuite> <!-- Basic.SerializationDeserilization -->
