<?xml version="1.0" encoding="UTF-8"?>
<!-- Generated by org.testng.reporters.JUnitReportReporter -->
<testsuite hostname="SandhuPC" failures="0" tests="2" name="Basic.PostRequestBodyCreation" time="1.675" errors="0" timestamp="24 Oct 2024 18:21:48 GMT" skipped="0">
  <testcase classname="Basic.PostRequestBodyCreation" name="getUserpostUsingHashMap" time="1.375"/>
  <testcase classname="Basic.PostRequestBodyCreation" name="getUserpostUsingJson" time="0.300"/>
</testsuite> <!-- Basic.PostRequestBodyCreation -->
