<?xml version="1.0" encoding="UTF-8"?>
<!-- Generated by org.testng.reporters.JUnitReportReporter -->
<testsuite hostname="SandhuPC" failures="0" tests="1" name="Basic.XMLSchemaValidation" time="0.954" errors="0" timestamp="30 Oct 2024 15:25:58 GMT" skipped="0">
  <testcase classname="Basic.XMLSchemaValidation" name="xmlschemavalidation" time="0.954"/>
</testsuite> <!-- Basic.XMLSchemaValidation -->
