<?xml version="1.0" encoding="UTF-8"?>
<!-- Generated by org.testng.reporters.JUnitReportReporter -->
<testsuite hostname="SandhuPC" failures="0" tests="2" name="Basic.PathQueryparameters" time="1.374" errors="0" timestamp="28 Oct 2024 18:19:46 GMT" skipped="0">
  <testcase classname="Basic.PathQueryparameters" name="testQueryPathParameters" time="0.413"/>
  <testcase classname="Basic.PathQueryparameters" name="testCookies" time="0.961"/>
</testsuite> <!-- Basic.PathQueryparameters -->
